[3J[H[2JInicio de consulta: 20200321_071459
Se buscan archivos en la URL:
https://www.gob.mx/salud/documentos/coronavirus-covid-19-comunicado-tecnico-diario-238449
No se descarga originales/20200320_tec_20200321_071459.pdf el archivo ya existe
No se descarga originales/20200320_sos_20200321_071459.pdf el archivo ya existe
No se descarga originales/20200320_pos_20200321_071459.pdf el archivo ya existe
Se creo archivo originales/20200312_sos_20200321_070446.csv
Se creo archivo originales/20200314_pos_20200321_070446.csv
Se creo archivo originales/20200314_sos_20200321_070446.csv
Se creo archivo originales/20200315_pos_20200321_070446.csv
Se creo archivo originales/20200315_sos_20200321_070446.csv
Se creo archivo originales/20200316_pos_20200321_070446.csv
Se creo archivo originales/20200316_sos_20200321_070446.csv
Se creo archivo originales/20200317_pos_20200321_070446.csv
Se creo archivo originales/20200317_sos_20200321_070446.csv
Se creo archivo originales/20200318_pos_20200321_070446.csv
Se creo archivo originales/20200318_sos_20200321_070446.csv
Se creo archivo originales/20200319_pos_20200321_070446.csv
Se creo archivo originales/20200319_sos_20200321_070446.csv
Se creo archivo originales/20200320_pos_20200321_070446.csv
Se creo archivo originales/20200320_sos_20200321_070446.csv
Esperando para hacer una nueva consulta en:
900 segundos899 segundos898 segundos897 segundos896 segundos895 segundos894 segundos893 segundos892 segundos891 segundos890 segundos